Arguments: 
  /data/data/com.termux/files/usr/bin/node /data/data/com.termux/files/usr/share/yarn/bin/yarn.js add booru

PATH: 
  /data/data/com.termux/files/usr/bin

Yarn version: 
  1.22.19

Node version: 
  18.12.1

Platform: 
  android arm64

Trace: 
  Error: EPERM: operation not permitted, symlink '../../../fast-xml-parser/src/cli/cli.js' -> '/storage/emulated/0/1B/modules/node_modules/booru/node_modules/.bin/fxparser'

npm manifest: 
  {
    "name": "modules",
    "version": "1.0.0",
    "description": "",
    "main": "index.js",
    "scripts": {
      "test": "echo \"Error: no test specified\" && exit 1"
    },
    "keywords": [],
    "author": "",
    "license": "ISC"
  }

yarn manifest: 
  No manifest

Lockfile: 
  No lockfile
